c:\computergraphics\lab2d\lab2d\x64\debug\vc143.pdb
c:\computergraphics\lab2d\lab2d\x64\debug\vc143.idb
c:\computergraphics\lab2d\lab2d\x64\debug\shadermaker.obj
c:\computergraphics\lab2d\lab2d\x64\debug\init_geometrie.obj
c:\computergraphics\lab2d\lab2d\x64\debug\gestione_callback.obj
c:\computergraphics\lab2d\lab2d\x64\debug\glad.obj
c:\computergraphics\lab2d\lab2d\x64\debug\lab2d.obj
c:\computergraphics\lab2d\x64\debug\lab2d.exe
c:\computergraphics\lab2d\x64\debug\lab2d.pdb
c:\computergraphics\lab2d\lab2d\x64\debug\lab2d.ilk
c:\computergraphics\lab2d\lab2d\x64\debug\lab_2_2d_jump_ball.obj
c:\computergraphics\lab2d\lab2d\x64\debug\nativecodeanalysis.read.1.tlog
c:\computergraphics\lab2d\lab2d\x64\debug\lab_2_2d_jump_ball.nativecodeanalysis.xml
c:\computergraphics\lab2d\lab2d\x64\debug\vc.nativecodeanalysis.all.xml
c:\computergraphics\lab2d\lab2d\x64\debug\lab2d.tlog\cl.command.1.tlog
c:\computergraphics\lab2d\lab2d\x64\debug\lab2d.tlog\cl.items.tlog
c:\computergraphics\lab2d\lab2d\x64\debug\lab2d.tlog\cl.read.1.tlog
c:\computergraphics\lab2d\lab2d\x64\debug\lab2d.tlog\cl.write.1.tlog
c:\computergraphics\lab2d\lab2d\x64\debug\lab2d.tlog\link.command.1.tlog
c:\computergraphics\lab2d\lab2d\x64\debug\lab2d.tlog\link.read.1.tlog
c:\computergraphics\lab2d\lab2d\x64\debug\lab2d.tlog\link.secondary.1.tlog
c:\computergraphics\lab2d\lab2d\x64\debug\lab2d.tlog\link.write.1.tlog
